  pch.cpp
  coding.cpp
C:\Users\Lenovo\Desktop\RGZ\Фак ми ин да эс\kurswork\kurswork\coding.cpp(42,15): warning C4473: "fscanf_s": передано недостаточно аргументов для строки формата
C:\Users\Lenovo\Desktop\RGZ\Фак ми ин да эс\kurswork\kurswork\coding.cpp(42,15): message : заполнители и их параметры ожидают переменное число аргументов в количестве 2, но было предоставлено 1
C:\Users\Lenovo\Desktop\RGZ\Фак ми ин да эс\kurswork\kurswork\coding.cpp(42,15): message : отсутствующий вариативный аргумент "2" требуется для строки форматирования "%c"
C:\Users\Lenovo\Desktop\RGZ\Фак ми ин да эс\kurswork\kurswork\coding.cpp(42,15): message : этот аргумент используется в качестве размера буфера
C:\Users\Lenovo\Desktop\RGZ\Фак ми ин да эс\kurswork\kurswork\coding.cpp(43,21): warning C4244: =: преобразование "double" в "float", возможна потеря данных
C:\Users\Lenovo\Desktop\RGZ\Фак ми ин да эс\kurswork\kurswork\coding.cpp(145,15): warning C4473: "fscanf_s": передано недостаточно аргументов для строки формата
C:\Users\Lenovo\Desktop\RGZ\Фак ми ин да эс\kurswork\kurswork\coding.cpp(145,15): message : заполнители и их параметры ожидают переменное число аргументов в количестве 2, но было предоставлено 1
C:\Users\Lenovo\Desktop\RGZ\Фак ми ин да эс\kurswork\kurswork\coding.cpp(145,15): message : отсутствующий вариативный аргумент "2" требуется для строки форматирования "%c"
C:\Users\Lenovo\Desktop\RGZ\Фак ми ин да эс\kurswork\kurswork\coding.cpp(145,15): message : этот аргумент используется в качестве размера буфера
  kurswork.cpp
  print.cpp
  search.cpp
  sort.cpp
  tree_search.cpp
C:\Users\Lenovo\Desktop\RGZ\Фак ми ин да эс\kurswork\kurswork\coding.cpp(166,44): warning C4244: +=: преобразование "double" в "float", возможна потеря данных
  Создание кода
  Previous IPDB not found, fall back to full compilation.
  All 71 functions were compiled because no usable IPDB/IOBJ from previous compilation was found.
  Создание кода завершено
  kurswork.vcxproj -> C:\Users\Lenovo\Desktop\RGZ\Фак ми ин да эс\kurswork\x64\Release\kurswork.exe
